<?xml version="1.0" encoding="UTF-8"?>
<!-- Generated by org.testng.reporters.JUnitXMLReporter -->
<testsuite hostname="iyads-mbp.zte.com.cn" ignored="0" name="Command line test" tests="2" failures="2" timestamp="2021-09-18T21:27:13 EEST" time="20.047" errors="0">
  <testcase name="verifyHotelsRetrieved" time="6.083" classname="com.PhpTravelsTest">
    <failure type="java.lang.IndexOutOfBoundsException" message="Index: 0, Size: 0">
      <![CDATA[java.lang.IndexOutOfBoundsException: Index: 0, Size: 0
at java.util.ArrayList.rangeCheck(ArrayList.java:659)
at java.util.ArrayList.get(ArrayList.java:435)
at org.openqa.selenium.support.pagefactory.internal.LocatingElementListHandler.invoke(LocatingElementListHandler.java:39)
at com.sun.proxy.$Proxy8.get(Unknown Source)
at com.PhpTravelsTest.verifyHotelsRetrieved(PhpTravelsTest.java:31)
at java.util.ArrayList.forEach(ArrayList.java:1259)
... Removed 40 stack frames]]>
    </failure>
  </testcase> <!-- verifyHotelsRetrieved -->
  <testcase name="verifyHotelDetails" time="0.012" classname="com.PhpTravelsTest">
    <failure type="java.lang.IndexOutOfBoundsException" message="Index: 0, Size: 0">
      <![CDATA[java.lang.IndexOutOfBoundsException: Index: 0, Size: 0
at java.util.ArrayList.rangeCheck(ArrayList.java:659)
at java.util.ArrayList.get(ArrayList.java:435)
at org.openqa.selenium.support.pagefactory.internal.LocatingElementListHandler.invoke(LocatingElementListHandler.java:39)
at com.sun.proxy.$Proxy8.get(Unknown Source)
at com.PhpTravelsTest.verifyHotelDetails(PhpTravelsTest.java:46)
at java.util.ArrayList.forEach(ArrayList.java:1259)
... Removed 40 stack frames]]>
    </failure>
  </testcase> <!-- verifyHotelDetails -->
</testsuite> <!-- Command line test -->
